2024-10-16 16:06:22,313 [trainer.py] => config: ./exps/ease_cub.json
2024-10-16 16:06:22,313 [trainer.py] => prefix:  
2024-10-16 16:06:22,313 [trainer.py] => dataset: cub
2024-10-16 16:06:22,313 [trainer.py] => memory_size: 0
2024-10-16 16:06:22,313 [trainer.py] => memory_per_class: 0
2024-10-16 16:06:22,313 [trainer.py] => fixed_memory: False
2024-10-16 16:06:22,313 [trainer.py] => shuffle: True
2024-10-16 16:06:22,314 [trainer.py] => init_cls: 10
2024-10-16 16:06:22,314 [trainer.py] => increment: 10
2024-10-16 16:06:22,314 [trainer.py] => model_name: ease
2024-10-16 16:06:22,314 [trainer.py] => backbone_type: vit_base_patch16_224_ease
2024-10-16 16:06:22,314 [trainer.py] => device: [device(type='cuda', index=3)]
2024-10-16 16:06:22,314 [trainer.py] => seed: 1993
2024-10-16 16:06:22,315 [trainer.py] => init_epochs: 20
2024-10-16 16:06:22,315 [trainer.py] => init_lr: 0.005
2024-10-16 16:06:22,315 [trainer.py] => later_epochs: 20
2024-10-16 16:06:22,315 [trainer.py] => later_lr: 0.005
2024-10-16 16:06:22,315 [trainer.py] => batch_size: 16
2024-10-16 16:06:22,316 [trainer.py] => weight_decay: 0.0005
2024-10-16 16:06:22,316 [trainer.py] => min_lr: 0
2024-10-16 16:06:22,316 [trainer.py] => optimizer: sgd
2024-10-16 16:06:22,316 [trainer.py] => scheduler: cosine
2024-10-16 16:06:22,316 [trainer.py] => pretrained: True
2024-10-16 16:06:22,316 [trainer.py] => vpt_type: Deep
2024-10-16 16:06:22,316 [trainer.py] => prompt_token_num: 5
2024-10-16 16:06:22,316 [trainer.py] => ffn_num: 64
2024-10-16 16:06:22,316 [trainer.py] => use_diagonal: False
2024-10-16 16:06:22,316 [trainer.py] => recalc_sim: True
2024-10-16 16:06:22,317 [trainer.py] => alpha: 0.005
2024-10-16 16:06:22,317 [trainer.py] => use_init_ptm: True
2024-10-16 16:06:22,317 [trainer.py] => beta: 1
2024-10-16 16:06:22,317 [trainer.py] => use_old_data: False
2024-10-16 16:06:22,317 [trainer.py] => use_reweight: True
2024-10-16 16:06:22,317 [trainer.py] => moni_adam: False
2024-10-16 16:06:22,317 [trainer.py] => adapter_num: -1
2024-10-23 10:39:33,733 [trainer.py] => config: ./exps/ease_cub.json
2024-10-23 10:39:33,733 [trainer.py] => prefix:  
2024-10-23 10:39:33,733 [trainer.py] => dataset: cub
2024-10-23 10:39:33,734 [trainer.py] => memory_size: 0
2024-10-23 10:39:33,734 [trainer.py] => memory_per_class: 0
2024-10-23 10:39:33,734 [trainer.py] => fixed_memory: False
2024-10-23 10:39:33,734 [trainer.py] => shuffle: True
2024-10-23 10:39:33,734 [trainer.py] => init_cls: 10
2024-10-23 10:39:33,734 [trainer.py] => increment: 10
2024-10-23 10:39:33,734 [trainer.py] => model_name: ease
2024-10-23 10:39:33,734 [trainer.py] => backbone_type: vit_base_patch16_224_ease
2024-10-23 10:39:33,734 [trainer.py] => device: [device(type='cuda', index=0)]
2024-10-23 10:39:33,734 [trainer.py] => seed: 1993
2024-10-23 10:39:33,734 [trainer.py] => init_epochs: 20
2024-10-23 10:39:33,735 [trainer.py] => init_lr: 0.005
2024-10-23 10:39:33,735 [trainer.py] => later_epochs: 20
2024-10-23 10:39:33,735 [trainer.py] => later_lr: 0.005
2024-10-23 10:39:33,735 [trainer.py] => batch_size: 16
2024-10-23 10:39:33,735 [trainer.py] => weight_decay: 0.0005
2024-10-23 10:39:33,735 [trainer.py] => min_lr: 0
2024-10-23 10:39:33,735 [trainer.py] => optimizer: sgd
2024-10-23 10:39:33,736 [trainer.py] => scheduler: cosine
2024-10-23 10:39:33,736 [trainer.py] => pretrained: True
2024-10-23 10:39:33,736 [trainer.py] => vpt_type: Deep
2024-10-23 10:39:33,737 [trainer.py] => prompt_token_num: 5
2024-10-23 10:39:33,737 [trainer.py] => ffn_num: 64
2024-10-23 10:39:33,737 [trainer.py] => use_diagonal: False
2024-10-23 10:39:33,737 [trainer.py] => recalc_sim: True
2024-10-23 10:39:33,737 [trainer.py] => alpha: 0.005
2024-10-23 10:39:33,737 [trainer.py] => use_init_ptm: True
2024-10-23 10:39:33,737 [trainer.py] => beta: 1
2024-10-23 10:39:33,737 [trainer.py] => use_old_data: False
2024-10-23 10:39:33,737 [trainer.py] => use_reweight: True
2024-10-23 10:39:33,737 [trainer.py] => moni_adam: False
2024-10-23 10:39:33,738 [trainer.py] => adapter_num: -1
2024-10-23 10:40:12,068 [trainer.py] => config: ./exps/ease_cub.json
2024-10-23 10:40:12,068 [trainer.py] => prefix:  
2024-10-23 10:40:12,068 [trainer.py] => dataset: cub
2024-10-23 10:40:12,068 [trainer.py] => memory_size: 0
2024-10-23 10:40:12,068 [trainer.py] => memory_per_class: 0
2024-10-23 10:40:12,068 [trainer.py] => fixed_memory: False
2024-10-23 10:40:12,068 [trainer.py] => shuffle: True
2024-10-23 10:40:12,068 [trainer.py] => init_cls: 10
2024-10-23 10:40:12,068 [trainer.py] => increment: 10
2024-10-23 10:40:12,068 [trainer.py] => model_name: ease
2024-10-23 10:40:12,068 [trainer.py] => backbone_type: vit_base_patch16_224_ease
2024-10-23 10:40:12,068 [trainer.py] => device: [device(type='cuda', index=0)]
2024-10-23 10:40:12,068 [trainer.py] => seed: 1993
2024-10-23 10:40:12,068 [trainer.py] => init_epochs: 20
2024-10-23 10:40:12,068 [trainer.py] => init_lr: 0.005
2024-10-23 10:40:12,068 [trainer.py] => later_epochs: 20
2024-10-23 10:40:12,068 [trainer.py] => later_lr: 0.005
2024-10-23 10:40:12,068 [trainer.py] => batch_size: 16
2024-10-23 10:40:12,068 [trainer.py] => weight_decay: 0.0005
2024-10-23 10:40:12,068 [trainer.py] => min_lr: 0
2024-10-23 10:40:12,068 [trainer.py] => optimizer: sgd
2024-10-23 10:40:12,076 [trainer.py] => scheduler: cosine
2024-10-23 10:40:12,076 [trainer.py] => pretrained: True
2024-10-23 10:40:12,076 [trainer.py] => vpt_type: Deep
2024-10-23 10:40:12,076 [trainer.py] => prompt_token_num: 5
2024-10-23 10:40:12,076 [trainer.py] => ffn_num: 64
2024-10-23 10:40:12,076 [trainer.py] => use_diagonal: False
2024-10-23 10:40:12,077 [trainer.py] => recalc_sim: True
2024-10-23 10:40:12,077 [trainer.py] => alpha: 0.005
2024-10-23 10:40:12,077 [trainer.py] => use_init_ptm: True
2024-10-23 10:40:12,077 [trainer.py] => beta: 1
2024-10-23 10:40:12,077 [trainer.py] => use_old_data: False
2024-10-23 10:40:12,077 [trainer.py] => use_reweight: True
2024-10-23 10:40:12,077 [trainer.py] => moni_adam: False
2024-10-23 10:40:12,077 [trainer.py] => adapter_num: -1
2024-10-23 10:46:02,175 [trainer.py] => config: ./exps/ease_cub.json
2024-10-23 10:46:02,175 [trainer.py] => prefix:  
2024-10-23 10:46:02,175 [trainer.py] => dataset: cub
2024-10-23 10:46:02,175 [trainer.py] => memory_size: 0
2024-10-23 10:46:02,175 [trainer.py] => memory_per_class: 0
2024-10-23 10:46:02,175 [trainer.py] => fixed_memory: False
2024-10-23 10:46:02,175 [trainer.py] => shuffle: True
2024-10-23 10:46:02,175 [trainer.py] => init_cls: 10
2024-10-23 10:46:02,175 [trainer.py] => increment: 10
2024-10-23 10:46:02,175 [trainer.py] => model_name: ease
2024-10-23 10:46:02,175 [trainer.py] => backbone_type: vit_base_patch16_224_ease
2024-10-23 10:46:02,175 [trainer.py] => device: [device(type='cuda', index=0)]
2024-10-23 10:46:02,175 [trainer.py] => seed: 1993
2024-10-23 10:46:02,175 [trainer.py] => init_epochs: 20
2024-10-23 10:46:02,175 [trainer.py] => init_lr: 0.005
2024-10-23 10:46:02,175 [trainer.py] => later_epochs: 20
2024-10-23 10:46:02,175 [trainer.py] => later_lr: 0.005
2024-10-23 10:46:02,175 [trainer.py] => batch_size: 16
2024-10-23 10:46:02,175 [trainer.py] => weight_decay: 0.0005
2024-10-23 10:46:02,175 [trainer.py] => min_lr: 0
2024-10-23 10:46:02,175 [trainer.py] => optimizer: sgd
2024-10-23 10:46:02,175 [trainer.py] => scheduler: cosine
2024-10-23 10:46:02,175 [trainer.py] => pretrained: True
2024-10-23 10:46:02,175 [trainer.py] => vpt_type: Deep
2024-10-23 10:46:02,175 [trainer.py] => prompt_token_num: 5
2024-10-23 10:46:02,175 [trainer.py] => ffn_num: 64
2024-10-23 10:46:02,175 [trainer.py] => use_diagonal: False
2024-10-23 10:46:02,175 [trainer.py] => recalc_sim: True
2024-10-23 10:46:02,175 [trainer.py] => alpha: 0.005
2024-10-23 10:46:02,175 [trainer.py] => use_init_ptm: True
2024-10-23 10:46:02,175 [trainer.py] => beta: 1
2024-10-23 10:46:02,175 [trainer.py] => use_old_data: False
2024-10-23 10:46:02,175 [trainer.py] => use_reweight: True
2024-10-23 10:46:02,175 [trainer.py] => moni_adam: False
2024-10-23 10:46:02,175 [trainer.py] => adapter_num: -1
2024-10-23 10:46:02,353 [data_manager.py] => [168, 136, 51, 9, 183, 101, 171, 99, 42, 159, 191, 70, 16, 188, 27, 10, 175, 26, 68, 187, 98, 6, 85, 35, 112, 43, 100, 0, 103, 181, 88, 59, 4, 2, 116, 174, 94, 80, 106, 1, 147, 17, 141, 131, 72, 23, 173, 54, 197, 118, 87, 32, 79, 104, 91, 19, 135, 107, 178, 36, 11, 199, 142, 8, 122, 3, 28, 57, 153, 172, 190, 56, 49, 44, 97, 62, 151, 169, 194, 55, 192, 12, 189, 78, 66, 180, 15, 137, 109, 134, 92, 119, 126, 52, 170, 40, 148, 65, 144, 64, 138, 45, 77, 89, 154, 90, 71, 193, 74, 30, 113, 143, 96, 84, 67, 50, 186, 156, 69, 21, 18, 111, 108, 58, 125, 157, 150, 110, 182, 129, 166, 83, 81, 60, 13, 165, 14, 176, 63, 117, 5, 22, 145, 121, 38, 41, 82, 127, 114, 20, 31, 53, 37, 163, 196, 130, 152, 162, 86, 76, 24, 34, 184, 149, 33, 128, 198, 155, 146, 167, 139, 120, 140, 102, 47, 25, 158, 123, 46, 164, 61, 7, 115, 75, 133, 160, 105, 132, 179, 124, 48, 73, 93, 39, 95, 195, 29, 177, 185, 161]
2024-10-23 10:46:05,553 [trainer.py] => All params: 86988288
2024-10-23 10:46:05,553 [trainer.py] => Trainable params: 1189632
2024-10-23 10:46:05,625 [ease.py] => Learning on 0-10
2024-10-23 10:53:48,620 [ease.py] => Task 0, Epoch 20/20 => Loss 0.597, Train_accy 93.74
2024-10-23 10:54:49,163 [ease.py] => Task correct: 100.0
2024-10-23 10:54:49,163 [ease.py] => Task acc: 100.0
2024-10-23 10:54:49,189 [trainer.py] => No NME accuracy.
2024-10-23 10:54:49,189 [trainer.py] => CNN: {'total': 100.0, '00-09': 100.0, 'old': 0, 'new': 100.0}
2024-10-23 10:54:49,189 [trainer.py] => CNN top1 curve: [100.0]
2024-10-23 10:54:49,189 [trainer.py] => CNN top5 curve: [100.0]

2024-10-23 10:54:49,195 [trainer.py] => Average Accuracy (CNN): 100.0 

2024-10-23 10:54:49,196 [trainer.py] => All params: 87011330
2024-10-23 10:54:49,197 [trainer.py] => Trainable params: 1189632
2024-10-23 10:54:49,198 [ease.py] => Learning on 10-20
2024-10-23 11:02:30,338 [ease.py] => Task 1, Epoch 20/20 => Loss 0.605, Train_accy 93.36
2024-10-23 11:03:55,250 [ease.py] => Task correct: 100.0
2024-10-23 11:03:55,250 [ease.py] => Task acc: 98.38056680161944
2024-10-23 11:03:55,266 [trainer.py] => No NME accuracy.
2024-10-23 11:03:55,266 [trainer.py] => CNN: {'total': 98.38, '00-09': 100.0, '10-19': 96.9, 'old': 100.0, 'new': 96.9}
2024-10-23 11:03:55,266 [trainer.py] => CNN top1 curve: [100.0, 98.38]
2024-10-23 11:03:55,266 [trainer.py] => CNN top5 curve: [100.0, 100.0]

2024-10-23 11:03:55,266 [trainer.py] => Average Accuracy (CNN): 99.19 

2024-10-23 11:03:55,266 [trainer.py] => All params: 87042050
2024-10-23 11:03:55,266 [trainer.py] => Trainable params: 1189632
2024-10-23 11:03:55,274 [ease.py] => Learning on 20-30
2024-10-23 11:11:39,252 [ease.py] => Task 2, Epoch 20/20 => Loss 0.425, Train_accy 97.69
2024-10-23 11:13:27,282 [ease.py] => Task correct: 99.12790697674419
2024-10-23 11:13:27,282 [ease.py] => Task acc: 98.54651162790698
2024-10-23 11:13:27,300 [trainer.py] => No NME accuracy.
2024-10-23 11:13:27,300 [trainer.py] => CNN: {'total': 97.97, '00-09': 99.15, '10-19': 96.9, '20-29': 97.94, 'old': 97.98, 'new': 97.94}
2024-10-23 11:13:27,300 [trainer.py] => CNN top1 curve: [100.0, 98.38, 97.97]
2024-10-23 11:13:27,300 [trainer.py] => CNN top5 curve: [100.0, 100.0, 99.71]

2024-10-23 11:13:27,300 [trainer.py] => Average Accuracy (CNN): 98.78333333333335 

2024-10-23 11:13:27,309 [trainer.py] => All params: 87088130
2024-10-23 11:13:27,309 [trainer.py] => Trainable params: 1189632
2024-10-23 11:13:27,309 [ease.py] => Learning on 30-40
2024-10-23 11:21:08,394 [ease.py] => Task 3, Epoch 20/20 => Loss 0.487, Train_accy 95.74
2024-10-23 11:23:21,497 [ease.py] => Task correct: 97.79735682819383
2024-10-23 11:23:21,507 [ease.py] => Task acc: 98.6784140969163
2024-10-23 11:23:21,526 [trainer.py] => No NME accuracy.
2024-10-23 11:23:21,526 [trainer.py] => CNN: {'total': 96.7, '00-09': 98.31, '10-19': 96.12, '20-29': 96.91, '30-39': 95.45, 'old': 97.09, 'new': 95.45}
2024-10-23 11:23:21,527 [trainer.py] => CNN top1 curve: [100.0, 98.38, 97.97, 96.7]
2024-10-23 11:23:21,527 [trainer.py] => CNN top5 curve: [100.0, 100.0, 99.71, 99.78]

2024-10-23 11:23:21,527 [trainer.py] => Average Accuracy (CNN): 98.2625 

2024-10-23 11:23:21,529 [trainer.py] => All params: 87149570
2024-10-23 11:23:21,530 [trainer.py] => Trainable params: 1189632
2024-10-23 11:23:21,532 [ease.py] => Learning on 40-50
2024-10-23 11:30:58,770 [ease.py] => Task 4, Epoch 20/20 => Loss 0.541, Train_accy 94.24
2024-10-23 11:33:37,379 [ease.py] => Task correct: 97.14795008912655
2024-10-23 11:33:37,379 [ease.py] => Task acc: 98.93048128342247
2024-10-23 11:33:37,478 [trainer.py] => No NME accuracy.
2024-10-23 11:33:37,478 [trainer.py] => CNN: {'total': 96.26, '00-09': 98.31, '10-19': 95.35, '20-29': 96.91, '30-39': 94.55, '40-49': 96.26, 'old': 96.26, 'new': 96.26}
2024-10-23 11:33:37,478 [trainer.py] => CNN top1 curve: [100.0, 98.38, 97.97, 96.7, 96.26]
2024-10-23 11:33:37,478 [trainer.py] => CNN top5 curve: [100.0, 100.0, 99.71, 99.78, 99.82]

2024-10-23 11:33:37,478 [trainer.py] => Average Accuracy (CNN): 97.862 

2024-10-23 11:33:37,478 [trainer.py] => All params: 87226370
2024-10-23 11:33:37,478 [trainer.py] => Trainable params: 1189632
2024-10-23 11:33:37,478 [ease.py] => Learning on 50-60
2024-10-23 11:41:16,002 [ease.py] => Task 5, Epoch 20/20 => Loss 0.610, Train_accy 92.41
2024-10-23 11:44:22,829 [ease.py] => Task correct: 94.49404761904762
2024-10-23 11:44:22,829 [ease.py] => Task acc: 98.66071428571429
2024-10-23 11:44:22,853 [trainer.py] => No NME accuracy.
2024-10-23 11:44:22,853 [trainer.py] => CNN: {'total': 93.6, '00-09': 90.68, '10-19': 95.35, '20-29': 96.91, '30-39': 94.55, '40-49': 95.33, '50-59': 89.19, 'old': 94.47, 'new': 89.19}
2024-10-23 11:44:22,853 [trainer.py] => CNN top1 curve: [100.0, 98.38, 97.97, 96.7, 96.26, 93.6]
2024-10-23 11:44:22,853 [trainer.py] => CNN top5 curve: [100.0, 100.0, 99.71, 99.78, 99.82, 99.7]

2024-10-23 11:44:22,853 [trainer.py] => Average Accuracy (CNN): 97.15166666666666 

2024-10-23 11:44:22,853 [trainer.py] => All params: 87318530
2024-10-23 11:44:22,853 [trainer.py] => Trainable params: 1189632
2024-10-23 11:44:22,862 [ease.py] => Learning on 60-70
2024-10-23 11:52:05,496 [ease.py] => Task 6, Epoch 20/20 => Loss 0.523, Train_accy 93.63
2024-10-23 11:55:43,313 [ease.py] => Task correct: 91.77377892030849
2024-10-23 11:55:43,313 [ease.py] => Task acc: 98.7146529562982
2024-10-23 11:55:43,341 [trainer.py] => No NME accuracy.
2024-10-23 11:55:43,341 [trainer.py] => CNN: {'total': 91.39, '00-09': 89.83, '10-19': 92.25, '20-29': 96.91, '30-39': 93.64, '40-49': 94.39, '50-59': 86.49, '60-69': 86.79, 'old': 92.11, 'new': 86.79}
2024-10-23 11:55:43,343 [trainer.py] => CNN top1 curve: [100.0, 98.38, 97.97, 96.7, 96.26, 93.6, 91.39]
2024-10-23 11:55:43,343 [trainer.py] => CNN top5 curve: [100.0, 100.0, 99.71, 99.78, 99.82, 99.7, 99.36]

2024-10-23 11:55:43,343 [trainer.py] => Average Accuracy (CNN): 96.32857142857142 

2024-10-23 11:55:43,344 [trainer.py] => All params: 87426050
2024-10-23 11:55:43,345 [trainer.py] => Trainable params: 1189632
2024-10-23 11:55:43,349 [ease.py] => Learning on 70-80
2024-10-23 12:03:16,357 [ease.py] => Task 7, Epoch 20/20 => Loss 0.432, Train_accy 96.73
2024-10-23 12:07:24,469 [ease.py] => Task correct: 92.49183895538629
2024-10-23 12:07:24,469 [ease.py] => Task acc: 98.80304678998912
2024-10-23 12:07:24,495 [trainer.py] => No NME accuracy.
2024-10-23 12:07:24,495 [trainer.py] => CNN: {'total': 92.17, '00-09': 89.83, '10-19': 92.25, '20-29': 96.91, '30-39': 93.64, '40-49': 94.39, '50-59': 86.49, '60-69': 86.79, '70-79': 96.45, 'old': 91.39, 'new': 96.45}
2024-10-23 12:07:24,495 [trainer.py] => CNN top1 curve: [100.0, 98.38, 97.97, 96.7, 96.26, 93.6, 91.39, 92.17]
2024-10-23 12:07:24,495 [trainer.py] => CNN top5 curve: [100.0, 100.0, 99.71, 99.78, 99.82, 99.7, 99.36, 99.35]

2024-10-23 12:07:24,496 [trainer.py] => Average Accuracy (CNN): 95.80874999999999 

2024-10-23 12:07:24,497 [trainer.py] => All params: 87548930
2024-10-23 12:07:24,498 [trainer.py] => Trainable params: 1189632
2024-10-23 12:07:24,502 [ease.py] => Learning on 80-90
2024-10-23 12:15:01,115 [ease.py] => Task 8, Epoch 20/20 => Loss 0.517, Train_accy 94.79
2024-10-23 12:19:43,407 [ease.py] => Task correct: 92.20532319391636
2024-10-23 12:19:43,407 [ease.py] => Task acc: 98.95437262357414
2024-10-23 12:19:43,424 [trainer.py] => No NME accuracy.
2024-10-23 12:19:43,434 [trainer.py] => CNN: {'total': 91.92, '00-09': 89.83, '10-19': 89.15, '20-29': 96.91, '30-39': 93.64, '40-49': 94.39, '50-59': 86.49, '60-69': 86.79, '70-79': 95.04, '80-89': 94.74, 'old': 91.51, 'new': 94.74}
2024-10-23 12:19:43,434 [trainer.py] => CNN top1 curve: [100.0, 98.38, 97.97, 96.7, 96.26, 93.6, 91.39, 92.17, 91.92]
2024-10-23 12:19:43,434 [trainer.py] => CNN top5 curve: [100.0, 100.0, 99.71, 99.78, 99.82, 99.7, 99.36, 99.35, 99.24]

2024-10-23 12:19:43,435 [trainer.py] => Average Accuracy (CNN): 95.37666666666665 

2024-10-23 12:19:43,436 [trainer.py] => All params: 87687170
2024-10-23 12:19:43,436 [trainer.py] => Trainable params: 1189632
2024-10-23 12:19:43,436 [ease.py] => Learning on 90-100
2024-10-23 12:27:18,139 [ease.py] => Task 9, Epoch 20/20 => Loss 0.545, Train_accy 94.04
2024-10-23 12:32:36,413 [ease.py] => Task correct: 91.91919191919192
2024-10-23 12:32:36,413 [ease.py] => Task acc: 98.65319865319866
2024-10-23 12:32:36,440 [trainer.py] => No NME accuracy.
2024-10-23 12:32:36,440 [trainer.py] => CNN: {'total': 91.33, '00-09': 88.98, '10-19': 89.15, '20-29': 96.91, '30-39': 90.0, '40-49': 94.39, '50-59': 86.49, '60-69': 85.85, '70-79': 95.04, '80-89': 94.74, '90-99': 91.18, 'old': 91.35, 'new': 91.18}
2024-10-23 12:32:36,440 [trainer.py] => CNN top1 curve: [100.0, 98.38, 97.97, 96.7, 96.26, 93.6, 91.39, 92.17, 91.92, 91.33]
2024-10-23 12:32:36,443 [trainer.py] => CNN top5 curve: [100.0, 100.0, 99.71, 99.78, 99.82, 99.7, 99.36, 99.35, 99.24, 99.16]

2024-10-23 12:32:36,443 [trainer.py] => Average Accuracy (CNN): 94.972 

2024-10-23 12:32:36,444 [trainer.py] => All params: 87840770
2024-10-23 12:32:36,444 [trainer.py] => Trainable params: 1189632
2024-10-23 12:32:36,453 [ease.py] => Learning on 100-110
2024-10-23 12:40:17,009 [ease.py] => Task 10, Epoch 20/20 => Loss 0.469, Train_accy 95.22
2024-10-23 12:46:14,683 [ease.py] => Task correct: 91.55794320798158
2024-10-23 12:46:14,683 [ease.py] => Task acc: 98.69531849577898
2024-10-23 12:46:14,703 [trainer.py] => No NME accuracy.
2024-10-23 12:46:14,703 [trainer.py] => CNN: {'total': 91.02, '00-09': 88.98, '10-19': 86.82, '20-29': 96.91, '30-39': 89.09, '40-49': 94.39, '50-59': 85.59, '60-69': 84.91, '70-79': 95.04, '80-89': 94.74, '90-99': 91.18, '100-109': 93.04, 'old': 90.82, 'new': 93.04}
2024-10-23 12:46:14,703 [trainer.py] => CNN top1 curve: [100.0, 98.38, 97.97, 96.7, 96.26, 93.6, 91.39, 92.17, 91.92, 91.33, 91.02]
2024-10-23 12:46:14,703 [trainer.py] => CNN top5 curve: [100.0, 100.0, 99.71, 99.78, 99.82, 99.7, 99.36, 99.35, 99.24, 99.16, 99.23]

2024-10-23 12:46:14,703 [trainer.py] => Average Accuracy (CNN): 94.61272727272727 

2024-10-23 12:46:14,703 [trainer.py] => All params: 88009730
2024-10-23 12:46:14,703 [trainer.py] => Trainable params: 1189632
2024-10-23 12:46:14,713 [ease.py] => Learning on 110-120
2024-10-23 12:53:40,630 [ease.py] => Task 11, Epoch 20/20 => Loss 0.520, Train_accy 95.33
2024-10-23 13:00:12,697 [ease.py] => Task correct: 89.4774011299435
2024-10-23 13:00:12,697 [ease.py] => Task acc: 98.51694915254237
2024-10-23 13:00:12,717 [trainer.py] => No NME accuracy.
2024-10-23 13:00:12,717 [trainer.py] => CNN: {'total': 88.98, '00-09': 88.98, '10-19': 86.82, '20-29': 96.91, '30-39': 89.09, '40-49': 94.39, '50-59': 84.68, '60-69': 83.02, '70-79': 88.65, '80-89': 93.23, '90-99': 89.71, '100-109': 93.04, '110-119': 79.65, 'old': 89.79, 'new': 79.65}
2024-10-23 13:00:12,717 [trainer.py] => CNN top1 curve: [100.0, 98.38, 97.97, 96.7, 96.26, 93.6, 91.39, 92.17, 91.92, 91.33, 91.02, 88.98]
2024-10-23 13:00:12,717 [trainer.py] => CNN top5 curve: [100.0, 100.0, 99.71, 99.78, 99.82, 99.7, 99.36, 99.35, 99.24, 99.16, 99.23, 98.8]

2024-10-23 13:00:12,717 [trainer.py] => Average Accuracy (CNN): 94.14333333333333 

2024-10-23 13:00:12,717 [trainer.py] => All params: 88194050
2024-10-23 13:00:12,717 [trainer.py] => Trainable params: 1189632
2024-10-23 13:00:12,727 [ease.py] => Learning on 120-130
2024-10-23 13:07:49,507 [ease.py] => Task 12, Epoch 20/20 => Loss 0.588, Train_accy 92.95
2024-10-23 13:14:58,766 [ease.py] => Task correct: 88.96913985554826
2024-10-23 13:14:58,766 [ease.py] => Task acc: 98.16152330925804
2024-10-23 13:14:58,786 [trainer.py] => No NME accuracy.
2024-10-23 13:14:58,786 [trainer.py] => CNN: {'total': 88.18, '00-09': 85.59, '10-19': 86.82, '20-29': 96.91, '30-39': 87.27, '40-49': 91.59, '50-59': 84.68, '60-69': 83.02, '70-79': 88.65, '80-89': 93.23, '90-99': 88.97, '100-109': 93.04, '110-119': 79.65, '120-129': 86.92, 'old': 88.28, 'new': 86.92}
2024-10-23 13:14:58,787 [trainer.py] => CNN top1 curve: [100.0, 98.38, 97.97, 96.7, 96.26, 93.6, 91.39, 92.17, 91.92, 91.33, 91.02, 88.98, 88.18]
2024-10-23 13:14:58,787 [trainer.py] => CNN top5 curve: [100.0, 100.0, 99.71, 99.78, 99.82, 99.7, 99.36, 99.35, 99.24, 99.16, 99.23, 98.8, 98.82]

2024-10-23 13:14:58,787 [trainer.py] => Average Accuracy (CNN): 93.6846153846154 

2024-10-23 13:14:58,788 [trainer.py] => All params: 88393730
2024-10-23 13:14:58,789 [trainer.py] => Trainable params: 1189632
2024-10-23 13:14:58,802 [ease.py] => Learning on 130-140
2024-10-23 13:22:32,339 [ease.py] => Task 13, Epoch 20/20 => Loss 0.651, Train_accy 94.92
2024-10-23 13:30:25,297 [ease.py] => Task correct: 88.17794028031688
2024-10-23 13:30:25,297 [ease.py] => Task acc: 97.98903107861061
2024-10-23 13:30:25,317 [trainer.py] => No NME accuracy.
2024-10-23 13:30:25,317 [trainer.py] => CNN: {'total': 87.32, '00-09': 85.59, '10-19': 86.82, '20-29': 96.91, '30-39': 87.27, '40-49': 91.59, '50-59': 84.68, '60-69': 83.02, '70-79': 88.65, '80-89': 92.48, '90-99': 88.97, '100-109': 92.17, '110-119': 79.65, '120-129': 81.31, '130-139': 83.05, 'old': 87.66, 'new': 83.05}
2024-10-23 13:30:25,317 [trainer.py] => CNN top1 curve: [100.0, 98.38, 97.97, 96.7, 96.26, 93.6, 91.39, 92.17, 91.92, 91.33, 91.02, 88.98, 88.18, 87.32]
2024-10-23 13:30:25,317 [trainer.py] => CNN top5 curve: [100.0, 100.0, 99.71, 99.78, 99.82, 99.7, 99.36, 99.35, 99.24, 99.16, 99.23, 98.8, 98.82, 98.48]

2024-10-23 13:30:25,318 [trainer.py] => Average Accuracy (CNN): 93.23 

2024-10-23 13:30:25,319 [trainer.py] => All params: 88608770
2024-10-23 13:30:25,319 [trainer.py] => Trainable params: 1189632
2024-10-23 13:30:25,330 [ease.py] => Learning on 140-150
2024-10-23 13:37:57,725 [ease.py] => Task 14, Epoch 20/20 => Loss 0.647, Train_accy 95.13
2024-10-23 13:46:27,204 [ease.py] => Task correct: 87.09677419354838
2024-10-23 13:46:27,204 [ease.py] => Task acc: 98.13242784380306
2024-10-23 13:46:27,234 [trainer.py] => No NME accuracy.
2024-10-23 13:46:27,234 [trainer.py] => CNN: {'total': 86.3, '00-09': 84.75, '10-19': 86.82, '20-29': 95.88, '30-39': 85.45, '40-49': 87.85, '50-59': 83.78, '60-69': 82.08, '70-79': 88.65, '80-89': 91.73, '90-99': 86.76, '100-109': 92.17, '110-119': 78.76, '120-129': 81.31, '130-139': 83.05, '140-149': 84.92, 'old': 86.41, 'new': 84.92}
2024-10-23 13:46:27,234 [trainer.py] => CNN top1 curve: [100.0, 98.38, 97.97, 96.7, 96.26, 93.6, 91.39, 92.17, 91.92, 91.33, 91.02, 88.98, 88.18, 87.32, 86.3]
2024-10-23 13:46:27,234 [trainer.py] => CNN top5 curve: [100.0, 100.0, 99.71, 99.78, 99.82, 99.7, 99.36, 99.35, 99.24, 99.16, 99.23, 98.8, 98.82, 98.48, 98.42]

2024-10-23 13:46:27,234 [trainer.py] => Average Accuracy (CNN): 92.768 

2024-10-23 13:46:27,234 [trainer.py] => All params: 88839170
2024-10-23 13:46:27,234 [trainer.py] => Trainable params: 1189632
2024-10-23 13:46:27,254 [ease.py] => Learning on 150-160
2024-10-23 13:53:53,909 [ease.py] => Task 15, Epoch 20/20 => Loss 0.529, Train_accy 96.15
2024-10-23 14:03:06,827 [ease.py] => Task correct: 87.51983077736648
2024-10-23 14:03:06,827 [ease.py] => Task acc: 98.20200951877314
2024-10-23 14:03:06,847 [trainer.py] => No NME accuracy.
2024-10-23 14:03:06,847 [trainer.py] => CNN: {'total': 86.78, '00-09': 83.9, '10-19': 86.82, '20-29': 95.88, '30-39': 85.45, '40-49': 87.85, '50-59': 83.78, '60-69': 82.08, '70-79': 88.65, '80-89': 90.23, '90-99': 86.76, '100-109': 91.3, '110-119': 78.76, '120-129': 81.31, '130-139': 83.05, '140-149': 84.92, '150-159': 96.77, 'old': 86.08, 'new': 96.77}
2024-10-23 14:03:06,847 [trainer.py] => CNN top1 curve: [100.0, 98.38, 97.97, 96.7, 96.26, 93.6, 91.39, 92.17, 91.92, 91.33, 91.02, 88.98, 88.18, 87.32, 86.3, 86.78]
2024-10-23 14:03:06,847 [trainer.py] => CNN top5 curve: [100.0, 100.0, 99.71, 99.78, 99.82, 99.7, 99.36, 99.35, 99.24, 99.16, 99.23, 98.8, 98.82, 98.48, 98.42, 98.41]

2024-10-23 14:03:06,847 [trainer.py] => Average Accuracy (CNN): 92.39375 

2024-10-23 14:03:06,847 [trainer.py] => All params: 89084930
2024-10-23 14:03:06,847 [trainer.py] => Trainable params: 1189632
2024-10-23 14:03:06,867 [ease.py] => Learning on 160-170
2024-10-23 14:10:35,491 [ease.py] => Task 16, Epoch 20/20 => Loss 0.534, Train_accy 94.61
2024-10-23 14:20:40,990 [ease.py] => Task correct: 86.96296296296296
2024-10-23 14:20:41,000 [ease.py] => Task acc: 98.27160493827161
2024-10-23 14:20:41,010 [trainer.py] => No NME accuracy.
2024-10-23 14:20:41,010 [trainer.py] => CNN: {'total': 86.32, '00-09': 83.9, '10-19': 86.82, '20-29': 94.85, '30-39': 85.45, '40-49': 86.92, '50-59': 83.78, '60-69': 82.08, '70-79': 87.94, '80-89': 90.23, '90-99': 84.56, '100-109': 91.3, '110-119': 76.99, '120-129': 81.31, '130-139': 83.05, '140-149': 84.13, '150-159': 96.77, '160-169': 86.57, 'old': 86.3, 'new': 86.57}
2024-10-23 14:20:41,010 [trainer.py] => CNN top1 curve: [100.0, 98.38, 97.97, 96.7, 96.26, 93.6, 91.39, 92.17, 91.92, 91.33, 91.02, 88.98, 88.18, 87.32, 86.3, 86.78, 86.32]
2024-10-23 14:20:41,010 [trainer.py] => CNN top5 curve: [100.0, 100.0, 99.71, 99.78, 99.82, 99.7, 99.36, 99.35, 99.24, 99.16, 99.23, 98.8, 98.82, 98.48, 98.42, 98.41, 98.27]

2024-10-23 14:20:41,010 [trainer.py] => Average Accuracy (CNN): 92.03647058823529 

2024-10-23 14:20:41,020 [trainer.py] => All params: 89346050
2024-10-23 14:20:41,020 [trainer.py] => Trainable params: 1189632
2024-10-23 14:20:41,030 [ease.py] => Learning on 170-180
2024-10-23 14:28:16,316 [ease.py] => Task 17, Epoch 20/20 => Loss 0.599, Train_accy 94.74
2024-10-23 14:39:03,445 [ease.py] => Task correct: 86.98308270676692
2024-10-23 14:39:03,445 [ease.py] => Task acc: 98.30827067669173
2024-10-23 14:39:03,465 [trainer.py] => No NME accuracy.
2024-10-23 14:39:03,465 [trainer.py] => CNN: {'total': 86.33, '00-09': 83.05, '10-19': 85.27, '20-29': 94.85, '30-39': 85.45, '40-49': 86.92, '50-59': 83.78, '60-69': 80.19, '70-79': 87.94, '80-89': 90.23, '90-99': 84.56, '100-109': 91.3, '110-119': 76.99, '120-129': 81.31, '130-139': 83.05, '140-149': 84.13, '150-159': 95.97, '160-169': 86.57, '170-179': 92.23, 'old': 86.02, 'new': 92.23}
2024-10-23 14:39:03,465 [trainer.py] => CNN top1 curve: [100.0, 98.38, 97.97, 96.7, 96.26, 93.6, 91.39, 92.17, 91.92, 91.33, 91.02, 88.98, 88.18, 87.32, 86.3, 86.78, 86.32, 86.33]
2024-10-23 14:39:03,465 [trainer.py] => CNN top5 curve: [100.0, 100.0, 99.71, 99.78, 99.82, 99.7, 99.36, 99.35, 99.24, 99.16, 99.23, 98.8, 98.82, 98.48, 98.42, 98.41, 98.27, 98.21]

2024-10-23 14:39:03,465 [trainer.py] => Average Accuracy (CNN): 91.71944444444443 

2024-10-23 14:39:03,465 [trainer.py] => All params: 89622530
2024-10-23 14:39:03,465 [trainer.py] => Trainable params: 1189632
2024-10-23 14:39:03,485 [ease.py] => Learning on 180-190
2024-10-23 14:46:36,907 [ease.py] => Task 18, Epoch 20/20 => Loss 0.587, Train_accy 93.85
2024-10-23 14:58:22,287 [ease.py] => Task correct: 86.68141592920354
2024-10-23 14:58:22,287 [ease.py] => Task acc: 98.1858407079646
2024-10-23 14:58:22,304 [trainer.py] => No NME accuracy.
2024-10-23 14:58:22,304 [trainer.py] => CNN: {'total': 86.02, '00-09': 83.05, '10-19': 85.27, '20-29': 93.81, '30-39': 84.55, '40-49': 86.92, '50-59': 83.78, '60-69': 80.19, '70-79': 87.94, '80-89': 90.23, '90-99': 83.82, '100-109': 91.3, '110-119': 76.99, '120-129': 80.37, '130-139': 83.05, '140-149': 83.33, '150-159': 95.97, '160-169': 86.57, '170-179': 92.23, '180-189': 84.85, 'old': 86.09, 'new': 84.85}
2024-10-23 14:58:22,304 [trainer.py] => CNN top1 curve: [100.0, 98.38, 97.97, 96.7, 96.26, 93.6, 91.39, 92.17, 91.92, 91.33, 91.02, 88.98, 88.18, 87.32, 86.3, 86.78, 86.32, 86.33, 86.02]
2024-10-23 14:58:22,304 [trainer.py] => CNN top5 curve: [100.0, 100.0, 99.71, 99.78, 99.82, 99.7, 99.36, 99.35, 99.24, 99.16, 99.23, 98.8, 98.82, 98.48, 98.42, 98.41, 98.27, 98.21, 97.88]

2024-10-23 14:58:22,304 [trainer.py] => Average Accuracy (CNN): 91.41947368421052 

2024-10-23 14:58:22,304 [trainer.py] => All params: 89914370
2024-10-23 14:58:22,304 [trainer.py] => Trainable params: 1189632
2024-10-23 14:58:22,330 [ease.py] => Learning on 190-200
2024-10-23 15:06:05,394 [ease.py] => Task 19, Epoch 20/20 => Loss 0.490, Train_accy 93.36
2024-10-23 15:18:43,320 [ease.py] => Task correct: 86.3019508057676
2024-10-23 15:18:43,320 [ease.py] => Task acc: 98.26123833757421
2024-10-23 15:18:43,340 [trainer.py] => No NME accuracy.
2024-10-23 15:18:43,340 [trainer.py] => CNN: {'total': 85.67, '00-09': 83.05, '10-19': 86.05, '20-29': 93.81, '30-39': 84.55, '40-49': 86.92, '50-59': 83.78, '60-69': 76.42, '70-79': 87.23, '80-89': 90.23, '90-99': 83.82, '100-109': 91.3, '110-119': 76.99, '120-129': 80.37, '130-139': 83.05, '140-149': 83.33, '150-159': 95.97, '160-169': 84.33, '170-179': 91.26, '180-189': 84.09, '190-199': 86.73, 'old': 85.62, 'new': 86.73}
2024-10-23 15:18:43,340 [trainer.py] => CNN top1 curve: [100.0, 98.38, 97.97, 96.7, 96.26, 93.6, 91.39, 92.17, 91.92, 91.33, 91.02, 88.98, 88.18, 87.32, 86.3, 86.78, 86.32, 86.33, 86.02, 85.67]
2024-10-23 15:18:43,340 [trainer.py] => CNN top5 curve: [100.0, 100.0, 99.71, 99.78, 99.82, 99.7, 99.36, 99.35, 99.24, 99.16, 99.23, 98.8, 98.82, 98.48, 98.42, 98.41, 98.27, 98.21, 97.88, 97.88]

2024-10-23 15:18:43,340 [trainer.py] => Average Accuracy (CNN): 91.13199999999999 

