2024-10-16 16:10:05,321 [trainer.py] => config: ./exps/ease_vtab.json
2024-10-16 16:10:05,321 [trainer.py] => prefix:  
2024-10-16 16:10:05,322 [trainer.py] => dataset: vtab
2024-10-16 16:10:05,322 [trainer.py] => memory_size: 0
2024-10-16 16:10:05,322 [trainer.py] => memory_per_class: 0
2024-10-16 16:10:05,322 [trainer.py] => fixed_memory: False
2024-10-16 16:10:05,322 [trainer.py] => shuffle: False
2024-10-16 16:10:05,322 [trainer.py] => init_cls: 10
2024-10-16 16:10:05,323 [trainer.py] => increment: 10
2024-10-16 16:10:05,323 [trainer.py] => model_name: ease
2024-10-16 16:10:05,323 [trainer.py] => backbone_type: vit_base_patch16_224_ease
2024-10-16 16:10:05,323 [trainer.py] => device: [device(type='cuda', index=3)]
2024-10-16 16:10:05,323 [trainer.py] => seed: 1993
2024-10-16 16:10:05,323 [trainer.py] => init_epochs: 45
2024-10-16 16:10:05,323 [trainer.py] => init_lr: 0.03
2024-10-16 16:10:05,323 [trainer.py] => later_epochs: 45
2024-10-16 16:10:05,323 [trainer.py] => later_lr: 0.03
2024-10-16 16:10:05,324 [trainer.py] => batch_size: 16
2024-10-16 16:10:05,324 [trainer.py] => weight_decay: 0.005
2024-10-16 16:10:05,324 [trainer.py] => min_lr: 0
2024-10-16 16:10:05,324 [trainer.py] => optimizer: sgd
2024-10-16 16:10:05,324 [trainer.py] => scheduler: cosine
2024-10-16 16:10:05,324 [trainer.py] => pretrained: True
2024-10-16 16:10:05,324 [trainer.py] => vpt_type: Deep
2024-10-16 16:10:05,324 [trainer.py] => prompt_token_num: 5
2024-10-16 16:10:05,324 [trainer.py] => ffn_num: 16
2024-10-16 16:10:05,324 [trainer.py] => use_diagonal: False
2024-10-16 16:10:05,325 [trainer.py] => recalc_sim: True
2024-10-16 16:10:05,325 [trainer.py] => alpha: 0.1
2024-10-16 16:10:05,325 [trainer.py] => use_init_ptm: False
2024-10-16 16:10:05,325 [trainer.py] => beta: 0
2024-10-16 16:10:05,325 [trainer.py] => use_old_data: False
2024-10-16 16:10:05,325 [trainer.py] => use_reweight: True
2024-10-16 16:10:05,326 [trainer.py] => moni_adam: False
2024-10-16 16:10:05,326 [trainer.py] => adapter_num: -1
2024-10-16 16:11:03,561 [trainer.py] => config: ./exps/ease_vtab.json
2024-10-16 16:11:03,561 [trainer.py] => prefix:  
2024-10-16 16:11:03,562 [trainer.py] => dataset: vtab
2024-10-16 16:11:03,562 [trainer.py] => memory_size: 0
2024-10-16 16:11:03,562 [trainer.py] => memory_per_class: 0
2024-10-16 16:11:03,562 [trainer.py] => fixed_memory: False
2024-10-16 16:11:03,562 [trainer.py] => shuffle: False
2024-10-16 16:11:03,562 [trainer.py] => init_cls: 10
2024-10-16 16:11:03,563 [trainer.py] => increment: 10
2024-10-16 16:11:03,563 [trainer.py] => model_name: ease
2024-10-16 16:11:03,563 [trainer.py] => backbone_type: vit_base_patch16_224_ease
2024-10-16 16:11:03,563 [trainer.py] => device: [device(type='cuda', index=3)]
2024-10-16 16:11:03,563 [trainer.py] => seed: 1993
2024-10-16 16:11:03,563 [trainer.py] => init_epochs: 45
2024-10-16 16:11:03,563 [trainer.py] => init_lr: 0.03
2024-10-16 16:11:03,563 [trainer.py] => later_epochs: 45
2024-10-16 16:11:03,564 [trainer.py] => later_lr: 0.03
2024-10-16 16:11:03,564 [trainer.py] => batch_size: 16
2024-10-16 16:11:03,564 [trainer.py] => weight_decay: 0.005
2024-10-16 16:11:03,564 [trainer.py] => min_lr: 0
2024-10-16 16:11:03,564 [trainer.py] => optimizer: sgd
2024-10-16 16:11:03,564 [trainer.py] => scheduler: cosine
2024-10-16 16:11:03,564 [trainer.py] => pretrained: True
2024-10-16 16:11:03,565 [trainer.py] => vpt_type: Deep
2024-10-16 16:11:03,565 [trainer.py] => prompt_token_num: 5
2024-10-16 16:11:03,565 [trainer.py] => ffn_num: 16
2024-10-16 16:11:03,565 [trainer.py] => use_diagonal: False
2024-10-16 16:11:03,565 [trainer.py] => recalc_sim: True
2024-10-16 16:11:03,565 [trainer.py] => alpha: 0.1
2024-10-16 16:11:03,565 [trainer.py] => use_init_ptm: False
2024-10-16 16:11:03,565 [trainer.py] => beta: 0
2024-10-16 16:11:03,566 [trainer.py] => use_old_data: False
2024-10-16 16:11:03,566 [trainer.py] => use_reweight: True
2024-10-16 16:11:03,566 [trainer.py] => moni_adam: False
2024-10-16 16:11:03,566 [trainer.py] => adapter_num: -1
2024-10-16 16:11:03,683 [data_manager.py] => [0, 1, 2, 3, 4, 5, 6, 7, 8, 9, 10, 11, 12, 13, 14, 15, 16, 17, 18, 19, 20, 21, 22, 23, 24, 25, 26, 27, 28, 29, 30, 31, 32, 33, 34, 35, 36, 37, 38, 39, 40, 41, 42, 43, 44, 45, 46, 47, 48, 49]
2024-10-16 16:17:03,132 [trainer.py] => config: ./exps/ease_vtab.json
2024-10-16 16:17:03,132 [trainer.py] => prefix:  
2024-10-16 16:17:03,132 [trainer.py] => dataset: vtab
2024-10-16 16:17:03,132 [trainer.py] => memory_size: 0
2024-10-16 16:17:03,132 [trainer.py] => memory_per_class: 0
2024-10-16 16:17:03,133 [trainer.py] => fixed_memory: False
2024-10-16 16:17:03,133 [trainer.py] => shuffle: False
2024-10-16 16:17:03,133 [trainer.py] => init_cls: 10
2024-10-16 16:17:03,133 [trainer.py] => increment: 10
2024-10-16 16:17:03,133 [trainer.py] => model_name: ease
2024-10-16 16:17:03,133 [trainer.py] => backbone_type: vit_base_patch16_224_ease
2024-10-16 16:17:03,133 [trainer.py] => device: [device(type='cuda', index=3)]
2024-10-16 16:17:03,133 [trainer.py] => seed: 1993
2024-10-16 16:17:03,134 [trainer.py] => init_epochs: 45
2024-10-16 16:17:03,134 [trainer.py] => init_lr: 0.03
2024-10-16 16:17:03,134 [trainer.py] => later_epochs: 45
2024-10-16 16:17:03,134 [trainer.py] => later_lr: 0.03
2024-10-16 16:17:03,134 [trainer.py] => batch_size: 16
2024-10-16 16:17:03,134 [trainer.py] => weight_decay: 0.005
2024-10-16 16:17:03,134 [trainer.py] => min_lr: 0
2024-10-16 16:17:03,134 [trainer.py] => optimizer: sgd
2024-10-16 16:17:03,134 [trainer.py] => scheduler: cosine
2024-10-16 16:17:03,135 [trainer.py] => pretrained: True
2024-10-16 16:17:03,135 [trainer.py] => vpt_type: Deep
2024-10-16 16:17:03,135 [trainer.py] => prompt_token_num: 5
2024-10-16 16:17:03,135 [trainer.py] => ffn_num: 16
2024-10-16 16:17:03,135 [trainer.py] => use_diagonal: False
2024-10-16 16:17:03,135 [trainer.py] => recalc_sim: True
2024-10-16 16:17:03,135 [trainer.py] => alpha: 0.1
2024-10-16 16:17:03,135 [trainer.py] => use_init_ptm: False
2024-10-16 16:17:03,135 [trainer.py] => beta: 0
2024-10-16 16:17:03,136 [trainer.py] => use_old_data: False
2024-10-16 16:17:03,136 [trainer.py] => use_reweight: True
2024-10-16 16:17:03,136 [trainer.py] => moni_adam: False
2024-10-16 16:17:03,136 [trainer.py] => adapter_num: -1
2024-10-16 16:17:03,228 [data_manager.py] => [0, 1, 2, 3, 4, 5, 6, 7, 8, 9, 10, 11, 12, 13, 14, 15, 16, 17, 18, 19, 20, 21, 22, 23, 24, 25, 26, 27, 28, 29, 30, 31, 32, 33, 34, 35, 36, 37, 38, 39, 40, 41, 42, 43, 44, 45, 46, 47, 48, 49]
2024-10-16 16:17:34,942 [trainer.py] => config: ./exps/ease_vtab.json
2024-10-16 16:17:34,942 [trainer.py] => prefix:  
2024-10-16 16:17:34,942 [trainer.py] => dataset: vtab
2024-10-16 16:17:34,942 [trainer.py] => memory_size: 0
2024-10-16 16:17:34,942 [trainer.py] => memory_per_class: 0
2024-10-16 16:17:34,942 [trainer.py] => fixed_memory: False
2024-10-16 16:17:34,942 [trainer.py] => shuffle: False
2024-10-16 16:17:34,942 [trainer.py] => init_cls: 10
2024-10-16 16:17:34,942 [trainer.py] => increment: 10
2024-10-16 16:17:34,942 [trainer.py] => model_name: ease
2024-10-16 16:17:34,942 [trainer.py] => backbone_type: vit_base_patch16_224_ease
2024-10-16 16:17:34,942 [trainer.py] => device: [device(type='cuda', index=3)]
2024-10-16 16:17:34,942 [trainer.py] => seed: 1993
2024-10-16 16:17:34,942 [trainer.py] => init_epochs: 45
2024-10-16 16:17:34,942 [trainer.py] => init_lr: 0.03
2024-10-16 16:17:34,942 [trainer.py] => later_epochs: 45
2024-10-16 16:17:34,942 [trainer.py] => later_lr: 0.03
2024-10-16 16:17:34,942 [trainer.py] => batch_size: 16
2024-10-16 16:17:34,942 [trainer.py] => weight_decay: 0.005
2024-10-16 16:17:34,942 [trainer.py] => min_lr: 0
2024-10-16 16:17:34,942 [trainer.py] => optimizer: sgd
2024-10-16 16:17:34,942 [trainer.py] => scheduler: cosine
2024-10-16 16:17:34,942 [trainer.py] => pretrained: True
2024-10-16 16:17:34,942 [trainer.py] => vpt_type: Deep
2024-10-16 16:17:34,942 [trainer.py] => prompt_token_num: 5
2024-10-16 16:17:34,942 [trainer.py] => ffn_num: 16
2024-10-16 16:17:34,942 [trainer.py] => use_diagonal: False
2024-10-16 16:17:34,942 [trainer.py] => recalc_sim: True
2024-10-16 16:17:34,942 [trainer.py] => alpha: 0.1
2024-10-16 16:17:34,942 [trainer.py] => use_init_ptm: False
2024-10-16 16:17:34,950 [trainer.py] => beta: 0
2024-10-16 16:17:34,950 [trainer.py] => use_old_data: False
2024-10-16 16:17:34,950 [trainer.py] => use_reweight: True
2024-10-16 16:17:34,950 [trainer.py] => moni_adam: False
2024-10-16 16:17:34,950 [trainer.py] => adapter_num: -1
2024-10-16 16:17:35,044 [data_manager.py] => [0, 1, 2, 3, 4, 5, 6, 7, 8, 9, 10, 11, 12, 13, 14, 15, 16, 17, 18, 19, 20, 21, 22, 23, 24, 25, 26, 27, 28, 29, 30, 31, 32, 33, 34, 35, 36, 37, 38, 39, 40, 41, 42, 43, 44, 45, 46, 47, 48, 49]
2024-10-16 16:18:14,174 [trainer.py] => config: ./exps/ease_vtab.json
2024-10-16 16:18:14,176 [trainer.py] => prefix:  
2024-10-16 16:18:14,176 [trainer.py] => dataset: vtab
2024-10-16 16:18:14,176 [trainer.py] => memory_size: 0
2024-10-16 16:18:14,176 [trainer.py] => memory_per_class: 0
2024-10-16 16:18:14,176 [trainer.py] => fixed_memory: False
2024-10-16 16:18:14,176 [trainer.py] => shuffle: False
2024-10-16 16:18:14,176 [trainer.py] => init_cls: 10
2024-10-16 16:18:14,176 [trainer.py] => increment: 10
2024-10-16 16:18:14,176 [trainer.py] => model_name: ease
2024-10-16 16:18:14,176 [trainer.py] => backbone_type: vit_base_patch16_224_ease
2024-10-16 16:18:14,176 [trainer.py] => device: [device(type='cuda', index=3)]
2024-10-16 16:18:14,176 [trainer.py] => seed: 1993
2024-10-16 16:18:14,176 [trainer.py] => init_epochs: 45
2024-10-16 16:18:14,176 [trainer.py] => init_lr: 0.03
2024-10-16 16:18:14,176 [trainer.py] => later_epochs: 45
2024-10-16 16:18:14,176 [trainer.py] => later_lr: 0.03
2024-10-16 16:18:14,176 [trainer.py] => batch_size: 16
2024-10-16 16:18:14,176 [trainer.py] => weight_decay: 0.005
2024-10-16 16:18:14,176 [trainer.py] => min_lr: 0
2024-10-16 16:18:14,176 [trainer.py] => optimizer: sgd
2024-10-16 16:18:14,176 [trainer.py] => scheduler: cosine
2024-10-16 16:18:14,176 [trainer.py] => pretrained: True
2024-10-16 16:18:14,176 [trainer.py] => vpt_type: Deep
2024-10-16 16:18:14,176 [trainer.py] => prompt_token_num: 5
2024-10-16 16:18:14,176 [trainer.py] => ffn_num: 16
2024-10-16 16:18:14,176 [trainer.py] => use_diagonal: False
2024-10-16 16:18:14,176 [trainer.py] => recalc_sim: True
2024-10-16 16:18:14,176 [trainer.py] => alpha: 0.1
2024-10-16 16:18:14,176 [trainer.py] => use_init_ptm: False
2024-10-16 16:18:14,176 [trainer.py] => beta: 0
2024-10-16 16:18:14,176 [trainer.py] => use_old_data: False
2024-10-16 16:18:14,176 [trainer.py] => use_reweight: True
2024-10-16 16:18:14,176 [trainer.py] => moni_adam: False
2024-10-16 16:18:14,176 [trainer.py] => adapter_num: -1
2024-10-16 16:18:14,273 [data_manager.py] => [0, 1, 2, 3, 4, 5, 6, 7, 8, 9, 10, 11, 12, 13, 14, 15, 16, 17, 18, 19, 20, 21, 22, 23, 24, 25, 26, 27, 28, 29, 30, 31, 32, 33, 34, 35, 36, 37, 38, 39, 40, 41, 42, 43, 44, 45, 46, 47, 48, 49]
2024-10-16 16:20:04,855 [trainer.py] => config: ./exps/ease_vtab.json
2024-10-16 16:20:04,855 [trainer.py] => prefix:  
2024-10-16 16:20:04,855 [trainer.py] => dataset: vtab
2024-10-16 16:20:04,855 [trainer.py] => memory_size: 0
2024-10-16 16:20:04,855 [trainer.py] => memory_per_class: 0
2024-10-16 16:20:04,855 [trainer.py] => fixed_memory: False
2024-10-16 16:20:04,855 [trainer.py] => shuffle: False
2024-10-16 16:20:04,855 [trainer.py] => init_cls: 10
2024-10-16 16:20:04,855 [trainer.py] => increment: 10
2024-10-16 16:20:04,855 [trainer.py] => model_name: ease
2024-10-16 16:20:04,855 [trainer.py] => backbone_type: vit_base_patch16_224_ease
2024-10-16 16:20:04,855 [trainer.py] => device: [device(type='cuda', index=3)]
2024-10-16 16:20:04,855 [trainer.py] => seed: 1993
2024-10-16 16:20:04,855 [trainer.py] => init_epochs: 45
2024-10-16 16:20:04,855 [trainer.py] => init_lr: 0.03
2024-10-16 16:20:04,855 [trainer.py] => later_epochs: 45
2024-10-16 16:20:04,855 [trainer.py] => later_lr: 0.03
2024-10-16 16:20:04,855 [trainer.py] => batch_size: 16
2024-10-16 16:20:04,855 [trainer.py] => weight_decay: 0.005
2024-10-16 16:20:04,855 [trainer.py] => min_lr: 0
2024-10-16 16:20:04,855 [trainer.py] => optimizer: sgd
2024-10-16 16:20:04,855 [trainer.py] => scheduler: cosine
2024-10-16 16:20:04,855 [trainer.py] => pretrained: True
2024-10-16 16:20:04,855 [trainer.py] => vpt_type: Deep
2024-10-16 16:20:04,855 [trainer.py] => prompt_token_num: 5
2024-10-16 16:20:04,855 [trainer.py] => ffn_num: 16
2024-10-16 16:20:04,855 [trainer.py] => use_diagonal: False
2024-10-16 16:20:04,855 [trainer.py] => recalc_sim: True
2024-10-16 16:20:04,855 [trainer.py] => alpha: 0.1
2024-10-16 16:20:04,855 [trainer.py] => use_init_ptm: False
2024-10-16 16:20:04,855 [trainer.py] => beta: 0
2024-10-16 16:20:04,855 [trainer.py] => use_old_data: False
2024-10-16 16:20:04,855 [trainer.py] => use_reweight: True
2024-10-16 16:20:04,855 [trainer.py] => moni_adam: False
2024-10-16 16:20:04,855 [trainer.py] => adapter_num: -1
2024-10-16 16:20:04,953 [data_manager.py] => [0, 1, 2, 3, 4, 5, 6, 7, 8, 9, 10, 11, 12, 13, 14, 15, 16, 17, 18, 19, 20, 21, 22, 23, 24, 25, 26, 27, 28, 29, 30, 31, 32, 33, 34, 35, 36, 37, 38, 39, 40, 41, 42, 43, 44, 45, 46, 47, 48, 49]
2024-10-16 16:23:09,920 [trainer.py] => config: ./exps/ease_vtab.json
2024-10-16 16:23:09,921 [trainer.py] => prefix:  
2024-10-16 16:23:09,921 [trainer.py] => dataset: vtab
2024-10-16 16:23:09,921 [trainer.py] => memory_size: 0
2024-10-16 16:23:09,921 [trainer.py] => memory_per_class: 0
2024-10-16 16:23:09,921 [trainer.py] => fixed_memory: False
2024-10-16 16:23:09,921 [trainer.py] => shuffle: False
2024-10-16 16:23:09,921 [trainer.py] => init_cls: 10
2024-10-16 16:23:09,921 [trainer.py] => increment: 10
2024-10-16 16:23:09,922 [trainer.py] => model_name: ease
2024-10-16 16:23:09,922 [trainer.py] => backbone_type: vit_base_patch16_224_ease
2024-10-16 16:23:09,922 [trainer.py] => device: [device(type='cuda', index=3)]
2024-10-16 16:23:09,922 [trainer.py] => seed: 1993
2024-10-16 16:23:09,922 [trainer.py] => init_epochs: 45
2024-10-16 16:23:09,922 [trainer.py] => init_lr: 0.03
2024-10-16 16:23:09,922 [trainer.py] => later_epochs: 45
2024-10-16 16:23:09,922 [trainer.py] => later_lr: 0.03
2024-10-16 16:23:09,922 [trainer.py] => batch_size: 16
2024-10-16 16:23:09,923 [trainer.py] => weight_decay: 0.005
2024-10-16 16:23:09,923 [trainer.py] => min_lr: 0
2024-10-16 16:23:09,923 [trainer.py] => optimizer: sgd
2024-10-16 16:23:09,923 [trainer.py] => scheduler: cosine
2024-10-16 16:23:09,923 [trainer.py] => pretrained: True
2024-10-16 16:23:09,923 [trainer.py] => vpt_type: Deep
2024-10-16 16:23:09,923 [trainer.py] => prompt_token_num: 5
2024-10-16 16:23:09,923 [trainer.py] => ffn_num: 16
2024-10-16 16:23:09,923 [trainer.py] => use_diagonal: False
2024-10-16 16:23:09,924 [trainer.py] => recalc_sim: True
2024-10-16 16:23:09,924 [trainer.py] => alpha: 0.1
2024-10-16 16:23:09,924 [trainer.py] => use_init_ptm: False
2024-10-16 16:23:09,924 [trainer.py] => beta: 0
2024-10-16 16:23:09,924 [trainer.py] => use_old_data: False
2024-10-16 16:23:09,924 [trainer.py] => use_reweight: True
2024-10-16 16:23:09,924 [trainer.py] => moni_adam: False
2024-10-16 16:23:09,925 [trainer.py] => adapter_num: -1
2024-10-16 16:23:10,097 [data_manager.py] => [0, 1, 2, 3, 4, 5, 6, 7, 8, 9, 10, 11, 12, 13, 14, 15, 16, 17, 18, 19, 20, 21, 22, 23, 24, 25, 26, 27, 28, 29, 30, 31, 32, 33, 34, 35, 36, 37, 38, 39, 40, 41, 42, 43, 44, 45, 46, 47, 48, 49]
2024-10-16 16:23:55,047 [trainer.py] => config: ./exps/ease_vtab.json
2024-10-16 16:23:55,047 [trainer.py] => prefix:  
2024-10-16 16:23:55,047 [trainer.py] => dataset: vtab
2024-10-16 16:23:55,047 [trainer.py] => memory_size: 0
2024-10-16 16:23:55,047 [trainer.py] => memory_per_class: 0
2024-10-16 16:23:55,047 [trainer.py] => fixed_memory: False
2024-10-16 16:23:55,047 [trainer.py] => shuffle: False
2024-10-16 16:23:55,047 [trainer.py] => init_cls: 10
2024-10-16 16:23:55,047 [trainer.py] => increment: 10
2024-10-16 16:23:55,047 [trainer.py] => model_name: ease
2024-10-16 16:23:55,047 [trainer.py] => backbone_type: vit_base_patch16_224_ease
2024-10-16 16:23:55,047 [trainer.py] => device: [device(type='cuda', index=3)]
2024-10-16 16:23:55,047 [trainer.py] => seed: 1993
2024-10-16 16:23:55,047 [trainer.py] => init_epochs: 45
2024-10-16 16:23:55,047 [trainer.py] => init_lr: 0.03
2024-10-16 16:23:55,047 [trainer.py] => later_epochs: 45
2024-10-16 16:23:55,047 [trainer.py] => later_lr: 0.03
2024-10-16 16:23:55,047 [trainer.py] => batch_size: 16
2024-10-16 16:23:55,047 [trainer.py] => weight_decay: 0.005
2024-10-16 16:23:55,047 [trainer.py] => min_lr: 0
2024-10-16 16:23:55,047 [trainer.py] => optimizer: sgd
2024-10-16 16:23:55,052 [trainer.py] => scheduler: cosine
2024-10-16 16:23:55,052 [trainer.py] => pretrained: True
2024-10-16 16:23:55,052 [trainer.py] => vpt_type: Deep
2024-10-16 16:23:55,052 [trainer.py] => prompt_token_num: 5
2024-10-16 16:23:55,052 [trainer.py] => ffn_num: 16
2024-10-16 16:23:55,052 [trainer.py] => use_diagonal: False
2024-10-16 16:23:55,052 [trainer.py] => recalc_sim: True
2024-10-16 16:23:55,052 [trainer.py] => alpha: 0.1
2024-10-16 16:23:55,052 [trainer.py] => use_init_ptm: False
2024-10-16 16:23:55,052 [trainer.py] => beta: 0
2024-10-16 16:23:55,052 [trainer.py] => use_old_data: False
2024-10-16 16:23:55,052 [trainer.py] => use_reweight: True
2024-10-16 16:23:55,052 [trainer.py] => moni_adam: False
2024-10-16 16:23:55,052 [trainer.py] => adapter_num: -1
2024-10-16 16:23:55,145 [data_manager.py] => [0, 1, 2, 3, 4, 5, 6, 7, 8, 9, 10, 11, 12, 13, 14, 15, 16, 17, 18, 19, 20, 21, 22, 23, 24, 25, 26, 27, 28, 29, 30, 31, 32, 33, 34, 35, 36, 37, 38, 39, 40, 41, 42, 43, 44, 45, 46, 47, 48, 49]
2024-10-16 16:25:35,742 [trainer.py] => config: ./exps/ease_vtab.json
2024-10-16 16:25:35,742 [trainer.py] => prefix:  
2024-10-16 16:25:35,742 [trainer.py] => dataset: vtab
2024-10-16 16:25:35,742 [trainer.py] => memory_size: 0
2024-10-16 16:25:35,742 [trainer.py] => memory_per_class: 0
2024-10-16 16:25:35,742 [trainer.py] => fixed_memory: False
2024-10-16 16:25:35,742 [trainer.py] => shuffle: False
2024-10-16 16:25:35,742 [trainer.py] => init_cls: 10
2024-10-16 16:25:35,742 [trainer.py] => increment: 10
2024-10-16 16:25:35,742 [trainer.py] => model_name: ease
2024-10-16 16:25:35,742 [trainer.py] => backbone_type: vit_base_patch16_224_ease
2024-10-16 16:25:35,742 [trainer.py] => device: [device(type='cuda', index=0)]
2024-10-16 16:25:35,742 [trainer.py] => seed: 1993
2024-10-16 16:25:35,742 [trainer.py] => init_epochs: 45
2024-10-16 16:25:35,742 [trainer.py] => init_lr: 0.03
2024-10-16 16:25:35,742 [trainer.py] => later_epochs: 45
2024-10-16 16:25:35,742 [trainer.py] => later_lr: 0.03
2024-10-16 16:25:35,742 [trainer.py] => batch_size: 16
2024-10-16 16:25:35,742 [trainer.py] => weight_decay: 0.005
2024-10-16 16:25:35,742 [trainer.py] => min_lr: 0
2024-10-16 16:25:35,742 [trainer.py] => optimizer: sgd
2024-10-16 16:25:35,742 [trainer.py] => scheduler: cosine
2024-10-16 16:25:35,742 [trainer.py] => pretrained: True
2024-10-16 16:25:35,742 [trainer.py] => vpt_type: Deep
2024-10-16 16:25:35,746 [trainer.py] => prompt_token_num: 5
2024-10-16 16:25:35,746 [trainer.py] => ffn_num: 16
2024-10-16 16:25:35,746 [trainer.py] => use_diagonal: False
2024-10-16 16:25:35,746 [trainer.py] => recalc_sim: True
2024-10-16 16:25:35,746 [trainer.py] => alpha: 0.1
2024-10-16 16:25:35,746 [trainer.py] => use_init_ptm: False
2024-10-16 16:25:35,746 [trainer.py] => beta: 0
2024-10-16 16:25:35,746 [trainer.py] => use_old_data: False
2024-10-16 16:25:35,747 [trainer.py] => use_reweight: True
2024-10-16 16:25:35,747 [trainer.py] => moni_adam: False
2024-10-16 16:25:35,747 [trainer.py] => adapter_num: -1
2024-10-16 16:25:35,836 [data_manager.py] => [0, 1, 2, 3, 4, 5, 6, 7, 8, 9, 10, 11, 12, 13, 14, 15, 16, 17, 18, 19, 20, 21, 22, 23, 24, 25, 26, 27, 28, 29, 30, 31, 32, 33, 34, 35, 36, 37, 38, 39, 40, 41, 42, 43, 44, 45, 46, 47, 48, 49]
2024-10-16 16:25:38,120 [trainer.py] => All params: 86102976
2024-10-16 16:25:38,120 [trainer.py] => Trainable params: 304320
2024-10-16 16:25:38,203 [ease.py] => Learning on 0-10
2024-10-16 16:40:44,845 [ease.py] => Task 0, Epoch 45/45 => Loss 0.285, Train_accy 97.29
2024-10-16 16:41:28,089 [ease.py] => Task correct: 100.0
2024-10-16 16:41:28,089 [ease.py] => Task acc: 95.5
2024-10-16 16:41:28,113 [trainer.py] => No NME accuracy.
2024-10-16 16:41:28,113 [trainer.py] => CNN: {'total': 95.5, '00-09': 95.5, 'old': 0, 'new': 95.5}
2024-10-16 16:41:28,113 [trainer.py] => CNN top1 curve: [95.5]
2024-10-16 16:41:28,113 [trainer.py] => CNN top5 curve: [99.9]

2024-10-16 16:41:28,113 [trainer.py] => Average Accuracy (CNN): 95.5 

2024-10-16 16:41:28,114 [trainer.py] => All params: 86118338
2024-10-16 16:41:28,114 [trainer.py] => Trainable params: 304320
2024-10-16 16:41:28,127 [ease.py] => Learning on 10-20
2024-10-16 16:56:33,068 [ease.py] => Task 1, Epoch 45/45 => Loss 0.196, Train_accy 99.08
2024-10-16 16:57:43,332 [ease.py] => Task correct: 98.57142857142857
2024-10-16 16:57:43,333 [ease.py] => Task acc: 92.71428571428571
2024-10-16 16:57:43,345 [trainer.py] => No NME accuracy.
2024-10-16 16:57:43,345 [trainer.py] => CNN: {'total': 92.07, '00-09': 95.2, '10-19': 84.25, 'old': 95.2, 'new': 84.25}
2024-10-16 16:57:43,345 [trainer.py] => CNN top1 curve: [95.5, 92.07]
2024-10-16 16:57:43,345 [trainer.py] => CNN top5 curve: [99.9, 99.0]

2024-10-16 16:57:43,345 [trainer.py] => Average Accuracy (CNN): 93.785 

2024-10-16 16:57:43,346 [trainer.py] => All params: 86141378
2024-10-16 16:57:43,347 [trainer.py] => Trainable params: 304320
2024-10-16 16:57:43,348 [ease.py] => Learning on 20-30
2024-10-16 17:13:12,889 [ease.py] => Task 2, Epoch 45/45 => Loss 0.199, Train_accy 96.64
2024-10-16 17:15:07,031 [ease.py] => Task correct: 99.11949685534591
2024-10-16 17:15:07,031 [ease.py] => Task acc: 93.62683438155136
2024-10-16 17:15:07,052 [trainer.py] => No NME accuracy.
2024-10-16 17:15:07,052 [trainer.py] => CNN: {'total': 93.21, '00-09': 95.1, '10-19': 84.5, '20-29': 94.82, 'old': 92.07, 'new': 94.82}
2024-10-16 17:15:07,052 [trainer.py] => CNN top1 curve: [95.5, 92.07, 93.21]
2024-10-16 17:15:07,052 [trainer.py] => CNN top5 curve: [99.9, 99.0, 99.37]

2024-10-16 17:15:07,052 [trainer.py] => Average Accuracy (CNN): 93.59333333333332 

2024-10-16 17:15:07,053 [trainer.py] => All params: 86179778
2024-10-16 17:15:07,053 [trainer.py] => Trainable params: 304320
2024-10-16 17:15:07,055 [ease.py] => Learning on 30-40
2024-10-16 17:36:38,230 [ease.py] => Task 3, Epoch 45/45 => Loss 0.286, Train_accy 92.30
2024-10-16 17:41:42,106 [ease.py] => Task correct: 99.07514450867052
2024-10-16 17:41:42,106 [ease.py] => Task acc: 93.15350032113038
2024-10-16 17:41:42,125 [trainer.py] => No NME accuracy.
2024-10-16 17:41:42,126 [trainer.py] => CNN: {'total': 92.61, '00-09': 93.4, '10-19': 84.25, '20-29': 94.82, '30-39': 92.69, 'old': 92.45, 'new': 92.69}
2024-10-16 17:41:42,126 [trainer.py] => CNN top1 curve: [95.5, 92.07, 93.21, 92.61]
2024-10-16 17:41:42,126 [trainer.py] => CNN top5 curve: [99.9, 99.0, 99.37, 99.4]

2024-10-16 17:41:42,126 [trainer.py] => Average Accuracy (CNN): 93.3475 

2024-10-16 17:41:42,126 [trainer.py] => All params: 86233538
2024-10-16 17:41:42,126 [trainer.py] => Trainable params: 304320
2024-10-16 17:41:42,126 [ease.py] => Learning on 40-50
2024-10-16 17:55:36,254 [ease.py] => Task 4, Epoch 45/45 => Loss 0.092, Train_accy 100.00
2024-10-16 18:01:42,255 [ease.py] => Task correct: 99.17623854275438
2024-10-16 18:01:42,255 [ease.py] => Task acc: 93.81598793363499
2024-10-16 18:01:42,272 [trainer.py] => No NME accuracy.
2024-10-16 18:01:42,272 [trainer.py] => CNN: {'total': 93.34, '00-09': 93.5, '10-19': 84.25, '20-29': 94.82, '30-39': 92.69, '40-49': 100.0, 'old': 92.63, 'new': 100.0}
2024-10-16 18:01:42,272 [trainer.py] => CNN top1 curve: [95.5, 92.07, 93.21, 92.61, 93.34]
2024-10-16 18:01:42,272 [trainer.py] => CNN top5 curve: [99.9, 99.0, 99.37, 99.4, 99.44]

2024-10-16 18:01:42,272 [trainer.py] => Average Accuracy (CNN): 93.346 

